#
# There is insufficient memory for the Java Runtime Environment to continue.
# Native memory allocation (malloc) failed to allocate 1240656 bytes for Chunk::new
# Possible reasons:
#   The system is out of physical RAM or swap space
#   The process is running with CompressedOops enabled, and the Java Heap may be blocking the growth of the native heap
# Possible solutions:
#   Reduce memory load on the system
#   Increase physical memory or swap space
#   Check if swap backing store is full
#   Decrease Java heap size (-Xmx/-Xms)
#   Decrease number of Java threads
#   Decrease Java thread stack sizes (-Xss)
#   Set larger code cache with -XX:ReservedCodeCacheSize=
#   JVM is running with Zero Based Compressed Oops mode in which the Java heap is
#     placed in the first 32GB address space. The Java Heap base address is the
#     maximum limit for the native heap growth. Please use -XX:HeapBaseMinAddress
#     to set the Java Heap base and to place the Java Heap above 32GB virtual address.
# This output file may be truncated or incomplete.
#
#  Out of Memory Error (arena.cpp:189), pid=4576, tid=21328
#
# JRE version: Java(TM) SE Runtime Environment (17.0.7+8) (build 17.0.7+8-LTS-224)
# Java VM: Java HotSpot(TM) 64-Bit Server VM (17.0.7+8-LTS-224, mixed mode, sharing, tiered, compressed oops, compressed class ptrs, g1 gc, windows-amd64)
# No core dump will be written. Minidumps are not enabled by default on client versions of Windows
#

---------------  S U M M A R Y ------------

Command Line: org.jetbrains.kotlin.cli.jvm.K2JVMCompiler @D:\test-code\MyApp\node_modules\react-native-safe-area-context\android\build\20240303_11842702795028757573.compiler.options

Host: 11th Gen Intel(R) Core(TM) i7-1185G7 @ 3.00GHz, 8 cores, 15G,  Windows 10 , 64 bit Build 19041 (10.0.19041.3031)
Time: Sun Mar  3 22:20:16 2024 SE Asia Standard Time elapsed time: 8.411795 seconds (0d 0h 0m 8s)

---------------  T H R E A D  ---------------

Current thread (0x0000021f20599560):  JavaThread "C2 CompilerThread2" daemon [_thread_in_native, id=21328, stack(0x00000023afd00000,0x00000023afe00000)]


Current CompileTask:
C2:   8411 9001       4       org.jetbrains.kotlin.com.intellij.lang.impl.PsiBuilderImpl::insertLeaves (88 bytes)

Stack: [0x00000023afd00000,0x00000023afe00000]
Native frames: (J=compiled Java code, j=interpreted, Vv=VM code, C=native code)
V  [jvm.dll+0x676a4a]
V  [jvm.dll+0x7d74f4]
V  [jvm.dll+0x7d8c9e]
V  [jvm.dll+0x7d9303]
V  [jvm.dll+0x2452c5]
V  [jvm.dll+0xaaa2b]
V  [jvm.dll+0xaafcc]
V  [jvm.dll+0x3613cf]
V  [jvm.dll+0x32bba1]
V  [jvm.dll+0x32b03a]
V  [jvm.dll+0x217acf]
V  [jvm.dll+0x216f01]
V  [jvm.dll+0x1a35e0]
V  [jvm.dll+0x226a6e]
V  [jvm.dll+0x224e15]
V  [jvm.dll+0x78d05c]
V  [jvm.dll+0x78759a]
V  [jvm.dll+0x675875]
C  [ucrtbase.dll+0x21bb2]
C  [KERNEL32.DLL+0x17614]
C  [ntdll.dll+0x526f1]


---------------  P R O C E S S  ---------------

Threads class SMR info:
_java_thread_list=0x0000021f1fdde700, length=14, elements={
0x0000021f78818fa0, 0x0000021f7ecfc8a0, 0x0000021f7ecfda60, 0x0000021f7ed10470,
0x0000021f7ed11020, 0x0000021f7ed159f0, 0x0000021f7ed163a0, 0x0000021f7ed17080,
0x0000021f7ed29dd0, 0x0000021f7f8587c0, 0x0000021f7f8b6a60, 0x0000021f7f8bcf50,
0x0000021f7fa1d210, 0x0000021f20599560
}

Java Threads: ( => current thread )
  0x0000021f78818fa0 JavaThread "main" [_thread_in_vm, id=11900, stack(0x00000023ae400000,0x00000023ae500000)]
  0x0000021f7ecfc8a0 JavaThread "Reference Handler" daemon [_thread_blocked, id=18308, stack(0x00000023aeb00000,0x00000023aec00000)]
  0x0000021f7ecfda60 JavaThread "Finalizer" daemon [_thread_blocked, id=5820, stack(0x00000023aec00000,0x00000023aed00000)]
  0x0000021f7ed10470 JavaThread "Signal Dispatcher" daemon [_thread_blocked, id=4884, stack(0x00000023aed00000,0x00000023aee00000)]
  0x0000021f7ed11020 JavaThread "Attach Listener" daemon [_thread_blocked, id=12272, stack(0x00000023aee00000,0x00000023aef00000)]
  0x0000021f7ed159f0 JavaThread "Service Thread" daemon [_thread_blocked, id=4000, stack(0x00000023aef00000,0x00000023af000000)]
  0x0000021f7ed163a0 JavaThread "Monitor Deflation Thread" daemon [_thread_blocked, id=21068, stack(0x00000023af000000,0x00000023af100000)]
  0x0000021f7ed17080 JavaThread "C2 CompilerThread0" daemon [_thread_blocked, id=12176, stack(0x00000023af100000,0x00000023af200000)]
  0x0000021f7ed29dd0 JavaThread "C1 CompilerThread0" daemon [_thread_in_vm, id=16332, stack(0x00000023af200000,0x00000023af300000)]
  0x0000021f7f8587c0 JavaThread "Sweeper thread" daemon [_thread_blocked, id=16268, stack(0x00000023af300000,0x00000023af400000)]
  0x0000021f7f8b6a60 JavaThread "Notification Thread" daemon [_thread_blocked, id=6436, stack(0x00000023af400000,0x00000023af500000)]
  0x0000021f7f8bcf50 JavaThread "Common-Cleaner" daemon [_thread_blocked, id=20732, stack(0x00000023af600000,0x00000023af700000)]
  0x0000021f7fa1d210 JavaThread "C2 CompilerThread1" daemon [_thread_blocked, id=8708, stack(0x00000023af700000,0x00000023af800000)]
=>0x0000021f20599560 JavaThread "C2 CompilerThread2" daemon [_thread_in_native, id=21328, stack(0x00000023afd00000,0x00000023afe00000)]

Other Threads:
  0x0000021f7ecf5ec0 VMThread "VM Thread" [stack: 0x00000023aea00000,0x00000023aeb00000] [id=11208]
  0x0000021f7889cdb0 WatcherThread [stack: 0x00000023af500000,0x00000023af600000] [id=5976]
  0x0000021f78884ad0 GCTaskThread "GC Thread#0" [stack: 0x00000023ae500000,0x00000023ae600000] [id=15736]
  0x0000021f1c800a80 GCTaskThread "GC Thread#1" [stack: 0x00000023af800000,0x00000023af900000] [id=12416]
  0x0000021f1c801140 GCTaskThread "GC Thread#2" [stack: 0x00000023af900000,0x00000023afa00000] [id=18416]
  0x0000021f1c8013f0 GCTaskThread "GC Thread#3" [stack: 0x00000023afa00000,0x00000023afb00000] [id=16164]
  0x0000021f1c8b4520 GCTaskThread "GC Thread#4" [stack: 0x00000023afb00000,0x00000023afc00000] [id=20912]
  0x0000021f1c8b4be0 GCTaskThread "GC Thread#5" [stack: 0x00000023afc00000,0x00000023afd00000] [id=17620]
  0x0000021f1da2d6b0 GCTaskThread "GC Thread#6" [stack: 0x00000023afe00000,0x00000023aff00000] [id=1472]
  0x0000021f1da2dec0 GCTaskThread "GC Thread#7" [stack: 0x00000023aff00000,0x00000023b0000000] [id=15740]
  0x0000021f788955d0 ConcurrentGCThread "G1 Main Marker" [stack: 0x00000023ae600000,0x00000023ae700000] [id=18624]
  0x0000021f78896ff0 ConcurrentGCThread "G1 Conc#0" [stack: 0x00000023ae700000,0x00000023ae800000] [id=20892]
  0x0000021f1da2e980 ConcurrentGCThread "G1 Conc#1" [stack: 0x00000023b0000000,0x00000023b0100000] [id=5088]
  0x0000021f7ebb34e0 ConcurrentGCThread "G1 Refine#0" [stack: 0x00000023ae800000,0x00000023ae900000] [id=10824]
  0x0000021f204eb480 ConcurrentGCThread "G1 Refine#1" [stack: 0x00000023b0100000,0x00000023b0200000] [id=11584]
  0x0000021f7ebb3f00 ConcurrentGCThread "G1 Service" [stack: 0x00000023ae900000,0x00000023aea00000] [id=10716]

Threads with active compile tasks:
C1 CompilerThread0     8426 9198       3       org.jetbrains.kotlin.resolve.calls.CallExpressionResolver::getSimpleNameExpressionTypeInfo (405 bytes)
C2 CompilerThread2     8426 9001       4       org.jetbrains.kotlin.com.intellij.lang.impl.PsiBuilderImpl::insertLeaves (88 bytes)

VM state: not at safepoint (normal execution)

VM Mutex/Monitor currently owned by a thread: None

Heap address: 0x0000000704400000, size: 4028 MB, Compressed Oops mode: Zero based, Oop shift amount: 3

CDS archive(s) mapped at: [0x0000000800000000-0x0000000800bd0000-0x0000000800bd0000), size 12386304, SharedBaseAddress: 0x0000000800000000, ArchiveRelocationMode: 0.
Compressed class space mapped at: 0x0000000800c00000-0x0000000840c00000, reserved size: 1073741824
Narrow klass base: 0x0000000800000000, Narrow klass shift: 0, Narrow klass range: 0x100000000

GC Precious Log:
 CPUs: 8 total, 8 available
 Memory: 16110M
 Large Page Support: Disabled
 NUMA Support: Disabled
 Compressed Oops: Enabled (Zero based)
 Heap Region Size: 2M
 Heap Min Capacity: 8M
 Heap Initial Capacity: 252M
 Heap Max Capacity: 4028M
 Pre-touch: Disabled
 Parallel Workers: 8
 Concurrent Workers: 2
 Concurrent Refinement Workers: 8
 Periodic GC: Disabled

Heap:
 garbage-first heap   total 129024K, used 75638K [0x0000000704400000, 0x0000000800000000)
  region size 2048K, 13 young (26624K), 2 survivors (4096K)
 Metaspace       used 56854K, committed 57216K, reserved 1105920K
  class space    used 6735K, committed 6912K, reserved 1048576K

Heap Regions: E=young(eden), S=young(survivor), O=old, HS=humongous(starts), HC=humongous(continues), CS=collection set, F=free, OA=open archive, CA=closed archive, TAMS=top-at-mark-start (previous, next)
|   0|0x0000000704400000, 0x0000000704600000, 0x0000000704600000|100%|HS|  |TAMS 0x0000000704600000, 0x0000000704400000| Complete 
|   1|0x0000000704600000, 0x0000000704800000, 0x0000000704800000|100%|HC|  |TAMS 0x0000000704800000, 0x0000000704600000| Complete 
|   2|0x0000000704800000, 0x0000000704a00000, 0x0000000704a00000|100%|HS|  |TAMS 0x0000000704a00000, 0x0000000704800000| Complete 
|   3|0x0000000704a00000, 0x0000000704c00000, 0x0000000704c00000|100%|HC|  |TAMS 0x0000000704c00000, 0x0000000704a00000| Complete 
|   4|0x0000000704c00000, 0x0000000704e00000, 0x0000000704e00000|100%| O|  |TAMS 0x0000000704e00000, 0x0000000704c00000| Untracked 
|   5|0x0000000704e00000, 0x0000000705000000, 0x0000000705000000|100%| O|  |TAMS 0x0000000705000000, 0x0000000704e00000| Untracked 
|   6|0x0000000705000000, 0x0000000705200000, 0x0000000705200000|100%|HS|  |TAMS 0x0000000705200000, 0x0000000705000000| Complete 
|   7|0x0000000705200000, 0x0000000705400000, 0x0000000705400000|100%| O|  |TAMS 0x0000000705400000, 0x0000000705200000| Untracked 
|   8|0x0000000705400000, 0x0000000705600000, 0x0000000705600000|100%| O|  |TAMS 0x0000000705600000, 0x0000000705400000| Untracked 
|   9|0x0000000705600000, 0x0000000705800000, 0x0000000705800000|100%| O|  |TAMS 0x0000000705800000, 0x0000000705600000| Untracked 
|  10|0x0000000705800000, 0x0000000705a00000, 0x0000000705a00000|100%| O|  |TAMS 0x0000000705a00000, 0x0000000705800000| Untracked 
|  11|0x0000000705a00000, 0x0000000705c00000, 0x0000000705c00000|100%| O|  |TAMS 0x0000000705c00000, 0x0000000705a00000| Untracked 
|  12|0x0000000705c00000, 0x0000000705e00000, 0x0000000705e00000|100%| O|  |TAMS 0x0000000705e00000, 0x0000000705c00000| Untracked 
|  13|0x0000000705e00000, 0x0000000706000000, 0x0000000706000000|100%| O|  |TAMS 0x0000000706000000, 0x0000000705e00000| Untracked 
|  14|0x0000000706000000, 0x0000000706200000, 0x0000000706200000|100%| O|  |TAMS 0x0000000706200000, 0x0000000706000000| Untracked 
|  15|0x0000000706200000, 0x0000000706400000, 0x0000000706400000|100%| O|  |TAMS 0x0000000706400000, 0x0000000706200000| Untracked 
|  16|0x0000000706400000, 0x0000000706600000, 0x0000000706600000|100%| O|  |TAMS 0x0000000706600000, 0x0000000706400000| Untracked 
|  17|0x0000000706600000, 0x0000000706800000, 0x0000000706800000|100%| O|  |TAMS 0x0000000706800000, 0x0000000706600000| Untracked 
|  18|0x0000000706800000, 0x0000000706a00000, 0x0000000706a00000|100%| O|  |TAMS 0x0000000706a00000, 0x0000000706800000| Untracked 
|  19|0x0000000706a00000, 0x0000000706c00000, 0x0000000706c00000|100%| O|  |TAMS 0x0000000706c00000, 0x0000000706a00000| Untracked 
|  20|0x0000000706c00000, 0x0000000706e00000, 0x0000000706e00000|100%| O|  |TAMS 0x0000000706e00000, 0x0000000706c00000| Untracked 
|  21|0x0000000706e00000, 0x0000000707000000, 0x0000000707000000|100%| O|  |TAMS 0x0000000707000000, 0x0000000706e00000| Untracked 
|  22|0x0000000707000000, 0x0000000707200000, 0x0000000707200000|100%| O|  |TAMS 0x0000000707200000, 0x0000000707000000| Untracked 
|  23|0x0000000707200000, 0x0000000707400000, 0x0000000707400000|100%| O|  |TAMS 0x0000000707385800, 0x0000000707200000| Untracked 
|  24|0x0000000707400000, 0x0000000707600000, 0x0000000707600000|100%| O|  |TAMS 0x0000000707400000, 0x0000000707400000| Untracked 
|  25|0x0000000707600000, 0x000000070768f600, 0x0000000707800000| 28%| O|  |TAMS 0x0000000707600000, 0x0000000707600000| Untracked 
|  26|0x0000000707800000, 0x0000000707800000, 0x0000000707a00000|  0%| F|  |TAMS 0x0000000707800000, 0x0000000707800000| Untracked 
|  27|0x0000000707a00000, 0x0000000707a00000, 0x0000000707c00000|  0%| F|  |TAMS 0x0000000707a00000, 0x0000000707a00000| Untracked 
|  28|0x0000000707c00000, 0x0000000707c00000, 0x0000000707e00000|  0%| F|  |TAMS 0x0000000707c00000, 0x0000000707c00000| Untracked 
|  29|0x0000000707e00000, 0x0000000707e00000, 0x0000000708000000|  0%| F|  |TAMS 0x0000000707e00000, 0x0000000707e00000| Untracked 
|  30|0x0000000708000000, 0x0000000708000000, 0x0000000708200000|  0%| F|  |TAMS 0x0000000708000000, 0x0000000708000000| Untracked 
|  31|0x0000000708200000, 0x0000000708200000, 0x0000000708400000|  0%| F|  |TAMS 0x0000000708200000, 0x0000000708200000| Untracked 
|  32|0x0000000708400000, 0x000000070854e340, 0x0000000708600000| 65%| S|CS|TAMS 0x0000000708400000, 0x0000000708400000| Complete 
|  33|0x0000000708600000, 0x0000000708600000, 0x0000000708800000|  0%| F|  |TAMS 0x0000000708600000, 0x0000000708600000| Untracked 
|  34|0x0000000708800000, 0x0000000708800000, 0x0000000708a00000|  0%| F|  |TAMS 0x0000000708800000, 0x0000000708800000| Untracked 
|  35|0x0000000708a00000, 0x0000000708c00000, 0x0000000708c00000|100%| S|CS|TAMS 0x0000000708a00000, 0x0000000708a00000| Complete 
|  36|0x0000000708c00000, 0x0000000708c00000, 0x0000000708e00000|  0%| F|  |TAMS 0x0000000708c00000, 0x0000000708c00000| Untracked 
|  37|0x0000000708e00000, 0x0000000708e00000, 0x0000000709000000|  0%| F|  |TAMS 0x0000000708e00000, 0x0000000708e00000| Untracked 
|  38|0x0000000709000000, 0x0000000709000000, 0x0000000709200000|  0%| F|  |TAMS 0x0000000709000000, 0x0000000709000000| Untracked 
|  39|0x0000000709200000, 0x0000000709200000, 0x0000000709400000|  0%| F|  |TAMS 0x0000000709200000, 0x0000000709200000| Untracked 
|  40|0x0000000709400000, 0x0000000709400000, 0x0000000709600000|  0%| F|  |TAMS 0x0000000709400000, 0x0000000709400000| Untracked 
|  41|0x0000000709600000, 0x0000000709600000, 0x0000000709800000|  0%| F|  |TAMS 0x0000000709600000, 0x0000000709600000| Untracked 
|  42|0x0000000709800000, 0x0000000709800000, 0x0000000709a00000|  0%| F|  |TAMS 0x0000000709800000, 0x0000000709800000| Untracked 
|  43|0x0000000709a00000, 0x0000000709a00000, 0x0000000709c00000|  0%| F|  |TAMS 0x0000000709a00000, 0x0000000709a00000| Untracked 
|  44|0x0000000709c00000, 0x0000000709c00000, 0x0000000709e00000|  0%| F|  |TAMS 0x0000000709c00000, 0x0000000709c00000| Untracked 
|  45|0x0000000709e00000, 0x0000000709e00000, 0x000000070a000000|  0%| F|  |TAMS 0x0000000709e00000, 0x0000000709e00000| Untracked 
|  46|0x000000070a000000, 0x000000070a000000, 0x000000070a200000|  0%| F|  |TAMS 0x000000070a000000, 0x000000070a000000| Untracked 
|  47|0x000000070a200000, 0x000000070a200000, 0x000000070a400000|  0%| F|  |TAMS 0x000000070a200000, 0x000000070a200000| Untracked 
|  48|0x000000070a400000, 0x000000070a400000, 0x000000070a600000|  0%| F|  |TAMS 0x000000070a400000, 0x000000070a400000| Untracked 
|  49|0x000000070a600000, 0x000000070a600000, 0x000000070a800000|  0%| F|  |TAMS 0x000000070a600000, 0x000000070a600000| Untracked 
|  50|0x000000070a800000, 0x000000070a800000, 0x000000070aa00000|  0%| F|  |TAMS 0x000000070a800000, 0x000000070a800000| Untracked 
|  51|0x000000070aa00000, 0x000000070aa00000, 0x000000070ac00000|  0%| F|  |TAMS 0x000000070aa00000, 0x000000070aa00000| Untracked 
|  52|0x000000070ac00000, 0x000000070accc128, 0x000000070ae00000| 39%| E|  |TAMS 0x000000070ac00000, 0x000000070ac00000| Complete 
|  53|0x000000070ae00000, 0x000000070b000000, 0x000000070b000000|100%| E|CS|TAMS 0x000000070ae00000, 0x000000070ae00000| Complete 
|  54|0x000000070b000000, 0x000000070b200000, 0x000000070b200000|100%| E|CS|TAMS 0x000000070b000000, 0x000000070b000000| Complete 
|  55|0x000000070b200000, 0x000000070b400000, 0x000000070b400000|100%| E|CS|TAMS 0x000000070b200000, 0x000000070b200000| Complete 
|  56|0x000000070b400000, 0x000000070b600000, 0x000000070b600000|100%| E|CS|TAMS 0x000000070b400000, 0x000000070b400000| Complete 
| 102|0x0000000711000000, 0x0000000711200000, 0x0000000711200000|100%| E|CS|TAMS 0x0000000711000000, 0x0000000711000000| Complete 
| 103|0x0000000711200000, 0x0000000711400000, 0x0000000711400000|100%| E|CS|TAMS 0x0000000711200000, 0x0000000711200000| Complete 
| 104|0x0000000711400000, 0x0000000711600000, 0x0000000711600000|100%| E|CS|TAMS 0x0000000711400000, 0x0000000711400000| Complete 
| 105|0x0000000711600000, 0x0000000711800000, 0x0000000711800000|100%| E|CS|TAMS 0x0000000711600000, 0x0000000711600000| Complete 
| 109|0x0000000711e00000, 0x0000000712000000, 0x0000000712000000|100%| E|CS|TAMS 0x0000000711e00000, 0x0000000711e00000| Complete 
| 125|0x0000000713e00000, 0x0000000714000000, 0x0000000714000000|100%| E|CS|TAMS 0x0000000713e00000, 0x0000000713e00000| Complete 

Card table byte_map: [0x0000021f79400000,0x0000021f79be0000] _byte_map_base: 0x0000021f75bde000

Marking Bits (Prev, Next): (CMBitMap*) 0x0000021f78885120, (CMBitMap*) 0x0000021f788850e0
 Prev Bits: [0x0000021f167b0000, 0x0000021f1a6a0000)
 Next Bits: [0x0000021f7a3c0000, 0x0000021f7e2b0000)

Polling page: 0x0000021f77ff0000

Metaspace:

Usage:
  Non-class:     48.95 MB used.
      Class:      6.58 MB used.
       Both:     55.52 MB used.

Virtual space:
  Non-class space:       56.00 MB reserved,      49.12 MB ( 88%) committed,  7 nodes.
      Class space:        1.00 GB reserved,       6.75 MB ( <1%) committed,  1 nodes.
             Both:        1.05 GB reserved,      55.88 MB (  5%) committed. 

Chunk freelists:
   Non-Class:  2.70 MB
       Class:  1.22 MB
        Both:  3.92 MB

MaxMetaspaceSize: unlimited
CompressedClassSpaceSize: 1.00 GB
Initial GC threshold: 21.00 MB
Current GC threshold: 90.56 MB
CDS: on
MetaspaceReclaimPolicy: balanced
 - commit_granule_bytes: 65536.
 - commit_granule_words: 8192.
 - virtual_space_node_default_size: 1048576.
 - enlarge_chunks_in_place: 1.
 - new_chunks_are_fully_committed: 0.
 - uncommit_free_chunks: 1.
 - use_allocation_guard: 0.
 - handle_deallocations: 1.


Internal statistics:

num_allocs_failed_limit: 6.
num_arena_births: 322.
num_arena_deaths: 0.
num_vsnodes_births: 8.
num_vsnodes_deaths: 0.
num_space_committed: 892.
num_space_uncommitted: 0.
num_chunks_returned_to_freelist: 6.
num_chunks_taken_from_freelist: 2359.
num_chunk_merges: 3.
num_chunk_splits: 1857.
num_chunks_enlarged: 1624.
num_purges: 0.
num_inconsistent_stats: 0.

CodeHeap 'non-profiled nmethods': size=120000Kb used=4172Kb max_used=4777Kb free=115827Kb
 bounds [0x0000021f0f280000, 0x0000021f0f730000, 0x0000021f167b0000]
CodeHeap 'profiled nmethods': size=120000Kb used=21524Kb max_used=22965Kb free=98476Kb
 bounds [0x0000021f077b0000, 0x0000021f08e20000, 0x0000021f0ece0000]
CodeHeap 'non-nmethods': size=5760Kb used=1323Kb max_used=1388Kb free=4436Kb
 bounds [0x0000021f0ece0000, 0x0000021f0ef50000, 0x0000021f0f280000]
 total_blobs=8335 nmethods=7707 adapters=537
 compilation: enabled
              stopped_count=0, restarted_count=0
 full_count=0

Compilation events (20 events):
Event: 8.394 Thread 0x0000021f7ed29dd0 9178       1       org.jetbrains.kotlin.metadata.ProtoBuf$Function::getReturnTypeId (5 bytes)
Event: 8.394 Thread 0x0000021f7ed29dd0 nmethod 9178 0x0000021f0f508d10 code [0x0000021f0f508ea0, 0x0000021f0f508f78]
Event: 8.394 Thread 0x0000021f7ed17080 9183       4       org.jetbrains.kotlin.com.intellij.extapi.psi.ASTDelegatePsiElement::getFirstChild (8 bytes)
Event: 8.396 Thread 0x0000021f7ed17080 nmethod 9183 0x0000021f0f508810 code [0x0000021f0f5089a0, 0x0000021f0f508a98]
Event: 8.396 Thread 0x0000021f7ed29dd0 9184       3       org.jetbrains.kotlin.load.java.typeEnhancement.TypeEnhancementKt::hasEnhancedNullability (20 bytes)
Event: 8.397 Thread 0x0000021f7ed29dd0 nmethod 9184 0x0000021f07e1e910 code [0x0000021f07e1eb20, 0x0000021f07e1f0e8]
Event: 8.397 Thread 0x0000021f7ed29dd0 9185       3       org.jetbrains.kotlin.builtins.functions.FunctionClassDescriptor$FunctionTypeConstructor::getParameters (8 bytes)
Event: 8.397 Thread 0x0000021f7ed29dd0 nmethod 9185 0x0000021f07943010 code [0x0000021f079431a0, 0x0000021f079432d8]
Event: 8.400 Thread 0x0000021f7ed29dd0 9186       3       org.jetbrains.kotlin.resolve.calls.util.CallMaker::makeCallWithExpressions (39 bytes)
Event: 8.400 Thread 0x0000021f7ed29dd0 nmethod 9186 0x0000021f07822f90 code [0x0000021f07823160, 0x0000021f078233f8]
Event: 8.400 Thread 0x0000021f7ed29dd0 9187       3       org.jetbrains.kotlin.resolve.calls.tower.TowerResolver$Task::mayFitForName (122 bytes)
Event: 8.400 Thread 0x0000021f7fa1d210 9188       4       kotlin.SafePublicationLazyImpl::getValue (56 bytes)
Event: 8.401 Thread 0x0000021f7ed29dd0 nmethod 9187 0x0000021f087a8490 code [0x0000021f087a8720, 0x0000021f087a9668]
Event: 8.401 Thread 0x0000021f7ed29dd0 9189       3       org.jetbrains.kotlin.types.WrappedType::getArguments (8 bytes)
Event: 8.402 Thread 0x0000021f7ed29dd0 nmethod 9189 0x0000021f08031690 code [0x0000021f08031840, 0x0000021f08031ad8]
Event: 8.402 Thread 0x0000021f7fa1d210 nmethod 9188 0x0000021f0f65af90 code [0x0000021f0f65b120, 0x0000021f0f65b288]
Event: 8.403 Thread 0x0000021f7ed29dd0 9190       3       org.jetbrains.kotlin.resolve.calls.components.ReceiverInfo::<init> (71 bytes)
Event: 8.403 Thread 0x0000021f7ed29dd0 nmethod 9190 0x0000021f079c4c90 code [0x0000021f079c4e40, 0x0000021f079c5078]
Event: 8.404 Thread 0x0000021f7ed29dd0 9191       3       org.jetbrains.kotlin.resolve.calls.smartcasts.IdentifierInfo$Expression::<init> (33 bytes)
Event: 8.405 Thread 0x0000021f7ed29dd0 nmethod 9191 0x0000021f07c30690 code [0x0000021f07c308c0, 0x0000021f07c31018]

GC Heap History (20 events):
Event: 1.985 GC heap before
{Heap before GC invocations=4 (full 0):
 garbage-first heap   total 69632K, used 53817K [0x0000000704400000, 0x0000000800000000)
  region size 2048K, 23 young (47104K), 5 survivors (10240K)
 Metaspace       used 26707K, committed 27008K, reserved 1073152K
  class space    used 3589K, committed 3712K, reserved 1048576K
}
Event: 1.999 GC heap after
{Heap after GC invocations=5 (full 0):
 garbage-first heap   total 73728K, used 23173K [0x0000000704400000, 0x0000000800000000)
  region size 2048K, 8 young (16384K), 8 survivors (16384K)
 Metaspace       used 26707K, committed 27008K, reserved 1073152K
  class space    used 3589K, committed 3712K, reserved 1048576K
}
Event: 2.267 GC heap before
{Heap before GC invocations=5 (full 0):
 garbage-first heap   total 73728K, used 45701K [0x0000000704400000, 0x0000000800000000)
  region size 2048K, 20 young (40960K), 8 survivors (16384K)
 Metaspace       used 31819K, committed 32064K, reserved 1081344K
  class space    used 4052K, committed 4160K, reserved 1048576K
}
Event: 2.282 GC heap after
{Heap after GC invocations=6 (full 0):
 garbage-first heap   total 73728K, used 26515K [0x0000000704400000, 0x0000000800000000)
  region size 2048K, 2 young (4096K), 2 survivors (4096K)
 Metaspace       used 31819K, committed 32064K, reserved 1081344K
  class space    used 4052K, committed 4160K, reserved 1048576K
}
Event: 2.539 GC heap before
{Heap before GC invocations=6 (full 0):
 garbage-first heap   total 73728K, used 40851K [0x0000000704400000, 0x0000000800000000)
  region size 2048K, 10 young (20480K), 2 survivors (4096K)
 Metaspace       used 35775K, committed 35968K, reserved 1081344K
  class space    used 4454K, committed 4544K, reserved 1048576K
}
Event: 2.544 GC heap after
{Heap after GC invocations=7 (full 0):
 garbage-first heap   total 73728K, used 28368K [0x0000000704400000, 0x0000000800000000)
  region size 2048K, 1 young (2048K), 1 survivors (2048K)
 Metaspace       used 35775K, committed 35968K, reserved 1081344K
  class space    used 4454K, committed 4544K, reserved 1048576K
}
Event: 3.229 GC heap before
{Heap before GC invocations=8 (full 0):
 garbage-first heap   total 73728K, used 57040K [0x0000000704400000, 0x0000000800000000)
  region size 2048K, 14 young (28672K), 1 survivors (2048K)
 Metaspace       used 42557K, committed 42816K, reserved 1089536K
  class space    used 5334K, committed 5440K, reserved 1048576K
}
Event: 3.244 GC heap after
{Heap after GC invocations=9 (full 0):
 garbage-first heap   total 73728K, used 32442K [0x0000000704400000, 0x0000000800000000)
  region size 2048K, 2 young (4096K), 2 survivors (4096K)
 Metaspace       used 42557K, committed 42816K, reserved 1089536K
  class space    used 5334K, committed 5440K, reserved 1048576K
}
Event: 3.515 GC heap before
{Heap before GC invocations=9 (full 0):
 garbage-first heap   total 73728K, used 54970K [0x0000000704400000, 0x0000000800000000)
  region size 2048K, 13 young (26624K), 2 survivors (4096K)
 Metaspace       used 44684K, committed 44992K, reserved 1089536K
  class space    used 5606K, committed 5760K, reserved 1048576K
}
Event: 3.526 GC heap after
{Heap after GC invocations=10 (full 0):
 garbage-first heap   total 73728K, used 33949K [0x0000000704400000, 0x0000000800000000)
  region size 2048K, 1 young (2048K), 1 survivors (2048K)
 Metaspace       used 44684K, committed 44992K, reserved 1089536K
  class space    used 5606K, committed 5760K, reserved 1048576K
}
Event: 3.910 GC heap before
{Heap before GC invocations=10 (full 0):
 garbage-first heap   total 73728K, used 56477K [0x0000000704400000, 0x0000000800000000)
  region size 2048K, 12 young (24576K), 1 survivors (2048K)
 Metaspace       used 46394K, committed 46720K, reserved 1097728K
  class space    used 5816K, committed 5952K, reserved 1048576K
}
Event: 3.920 GC heap after
{Heap after GC invocations=11 (full 0):
 garbage-first heap   total 98304K, used 36864K [0x0000000704400000, 0x0000000800000000)
  region size 2048K, 2 young (4096K), 2 survivors (4096K)
 Metaspace       used 46394K, committed 46720K, reserved 1097728K
  class space    used 5816K, committed 5952K, reserved 1048576K
}
Event: 4.926 GC heap before
{Heap before GC invocations=11 (full 0):
 garbage-first heap   total 98304K, used 75776K [0x0000000704400000, 0x0000000800000000)
  region size 2048K, 21 young (43008K), 2 survivors (4096K)
 Metaspace       used 50755K, committed 51072K, reserved 1097728K
  class space    used 6252K, committed 6400K, reserved 1048576K
}
Event: 4.950 GC heap after
{Heap after GC invocations=12 (full 0):
 garbage-first heap   total 98304K, used 42059K [0x0000000704400000, 0x0000000800000000)
  region size 2048K, 3 young (6144K), 3 survivors (6144K)
 Metaspace       used 50755K, committed 51072K, reserved 1097728K
  class space    used 6252K, committed 6400K, reserved 1048576K
}
Event: 5.499 GC heap before
{Heap before GC invocations=12 (full 0):
 garbage-first heap   total 98304K, used 74827K [0x0000000704400000, 0x0000000800000000)
  region size 2048K, 19 young (38912K), 3 survivors (6144K)
 Metaspace       used 51391K, committed 51712K, reserved 1097728K
  class space    used 6276K, committed 6400K, reserved 1048576K
}
Event: 5.525 GC heap after
{Heap after GC invocations=13 (full 0):
 garbage-first heap   total 98304K, used 48534K [0x0000000704400000, 0x0000000800000000)
  region size 2048K, 3 young (6144K), 3 survivors (6144K)
 Metaspace       used 51391K, committed 51712K, reserved 1097728K
  class space    used 6276K, committed 6400K, reserved 1048576K
}
Event: 6.056 GC heap before
{Heap before GC invocations=13 (full 0):
 garbage-first heap   total 98304K, used 75158K [0x0000000704400000, 0x0000000800000000)
  region size 2048K, 16 young (32768K), 3 survivors (6144K)
 Metaspace       used 52928K, committed 53248K, reserved 1097728K
  class space    used 6434K, committed 6592K, reserved 1048576K
}
Event: 6.081 GC heap after
{Heap after GC invocations=14 (full 0):
 garbage-first heap   total 98304K, used 51872K [0x0000000704400000, 0x0000000800000000)
  region size 2048K, 2 young (4096K), 2 survivors (4096K)
 Metaspace       used 52928K, committed 53248K, reserved 1097728K
  class space    used 6434K, committed 6592K, reserved 1048576K
}
Event: 7.267 GC heap before
{Heap before GC invocations=14 (full 0):
 garbage-first heap   total 98304K, used 76448K [0x0000000704400000, 0x0000000800000000)
  region size 2048K, 14 young (28672K), 2 survivors (4096K)
 Metaspace       used 55252K, committed 55552K, reserved 1097728K
  class space    used 6663K, committed 6848K, reserved 1048576K
}
Event: 7.282 GC heap after
{Heap after GC invocations=15 (full 0):
 garbage-first heap   total 129024K, used 55158K [0x0000000704400000, 0x0000000800000000)
  region size 2048K, 2 young (4096K), 2 survivors (4096K)
 Metaspace       used 55252K, committed 55552K, reserved 1097728K
  class space    used 6663K, committed 6848K, reserved 1048576K
}

Deoptimization events (20 events):
Event: 8.129 Thread 0x0000021f78818fa0 DEOPT PACKING pc=0x0000021f0f70ad20 sp=0x00000023ae4f7c70
Event: 8.129 Thread 0x0000021f78818fa0 DEOPT UNPACKING pc=0x0000021f0ed35ba3 sp=0x00000023ae4f7b28 mode 2
Event: 8.151 Thread 0x0000021f78818fa0 Uncommon trap: trap_request=0xffffffbe fr.pc=0x0000021f0f6ed554 relative=0x00000000000033d4
Event: 8.151 Thread 0x0000021f78818fa0 Uncommon trap: reason=profile_predicate action=maybe_recompile pc=0x0000021f0f6ed554 method=org.jetbrains.kotlin.com.intellij.openapi.util.text.Strings.stringHashCode(Ljava/lang/CharSequence;III)I @ 18 c2
Event: 8.151 Thread 0x0000021f78818fa0 DEOPT PACKING pc=0x0000021f0f6ed554 sp=0x00000023ae4f7600
Event: 8.151 Thread 0x0000021f78818fa0 DEOPT UNPACKING pc=0x0000021f0ed35ba3 sp=0x00000023ae4f72a8 mode 2
Event: 8.151 Thread 0x0000021f78818fa0 Uncommon trap: trap_request=0xffffffbe fr.pc=0x0000021f0f6ed554 relative=0x00000000000033d4
Event: 8.151 Thread 0x0000021f78818fa0 Uncommon trap: reason=profile_predicate action=maybe_recompile pc=0x0000021f0f6ed554 method=org.jetbrains.kotlin.com.intellij.openapi.util.text.Strings.stringHashCode(Ljava/lang/CharSequence;III)I @ 18 c2
Event: 8.151 Thread 0x0000021f78818fa0 DEOPT PACKING pc=0x0000021f0f6ed554 sp=0x00000023ae4f7600
Event: 8.151 Thread 0x0000021f78818fa0 DEOPT UNPACKING pc=0x0000021f0ed35ba3 sp=0x00000023ae4f72a8 mode 2
Event: 8.151 Thread 0x0000021f78818fa0 Uncommon trap: trap_request=0xffffffbe fr.pc=0x0000021f0f6ed554 relative=0x00000000000033d4
Event: 8.151 Thread 0x0000021f78818fa0 Uncommon trap: reason=profile_predicate action=maybe_recompile pc=0x0000021f0f6ed554 method=org.jetbrains.kotlin.com.intellij.openapi.util.text.Strings.stringHashCode(Ljava/lang/CharSequence;III)I @ 18 c2
Event: 8.151 Thread 0x0000021f78818fa0 DEOPT PACKING pc=0x0000021f0f6ed554 sp=0x00000023ae4f7600
Event: 8.151 Thread 0x0000021f78818fa0 DEOPT UNPACKING pc=0x0000021f0ed35ba3 sp=0x00000023ae4f72a8 mode 2
Event: 8.151 Thread 0x0000021f78818fa0 Uncommon trap: trap_request=0xffffffbe fr.pc=0x0000021f0f6ed554 relative=0x00000000000033d4
Event: 8.151 Thread 0x0000021f78818fa0 Uncommon trap: reason=profile_predicate action=maybe_recompile pc=0x0000021f0f6ed554 method=org.jetbrains.kotlin.com.intellij.openapi.util.text.Strings.stringHashCode(Ljava/lang/CharSequence;III)I @ 18 c2
Event: 8.151 Thread 0x0000021f78818fa0 DEOPT PACKING pc=0x0000021f0f6ed554 sp=0x00000023ae4f7600
Event: 8.151 Thread 0x0000021f78818fa0 DEOPT UNPACKING pc=0x0000021f0ed35ba3 sp=0x00000023ae4f72a8 mode 2
Event: 8.181 Thread 0x0000021f78818fa0 DEOPT PACKING pc=0x0000021f08ae62f8 sp=0x00000023ae4fd000
Event: 8.181 Thread 0x0000021f78818fa0 DEOPT UNPACKING pc=0x0000021f0ed366e3 sp=0x00000023ae4fc598 mode 3

Classes unloaded (0 events):
No events

Classes redefined (0 events):
No events

Internal exceptions (20 events):
Event: 4.146 Thread 0x0000021f78818fa0 Implicit null exception at 0x0000021f0f3eb4cc to 0x0000021f0f3eb5b4
Event: 4.231 Thread 0x0000021f78818fa0 Implicit null exception at 0x0000021f0f4c24bd to 0x0000021f0f4c303c
Event: 4.232 Thread 0x0000021f78818fa0 Implicit null exception at 0x0000021f0f4be30f to 0x0000021f0f4be340
Event: 4.504 Thread 0x0000021f78818fa0 Exception <a 'java/lang/NoSuchMethodError'{0x0000000708b5ee60}: 'java.lang.Object java.lang.invoke.DirectMethodHandle$Holder.invokeSpecial(java.lang.Object, java.lang.Object, int, java.lang.Object, java.lang.Object)'> (0x0000000708b5ee60) 
thrown [s\open\src\hotspot\share\interpreter\linkResolver.cpp, line 759]
Event: 4.716 Thread 0x0000021f78818fa0 Exception <a 'java/lang/IncompatibleClassChangeError'{0x0000000708785630}: Found class java.lang.Object, but interface was expected> (0x0000000708785630) 
thrown [s\open\src\hotspot\share\interpreter\linkResolver.cpp, line 826]
Event: 4.768 Thread 0x0000021f78818fa0 Exception <a 'java/lang/NoSuchMethodError'{0x00000007085ce808}: 'int java.lang.invoke.DirectMethodHandle$Holder.invokeInterface(java.lang.Object, java.lang.Object)'> (0x00000007085ce808) 
thrown [s\open\src\hotspot\share\interpreter\linkResolver.cpp, line 759]
Event: 5.488 Thread 0x0000021f78818fa0 Exception <a 'java/lang/NoSuchMethodError'{0x000000070859a8c8}: 'java.lang.Object java.lang.invoke.DirectMethodHandle$Holder.invokeStatic(java.lang.Object, int, java.lang.Object, java.lang.Object)'> (0x000000070859a8c8) 
thrown [s\open\src\hotspot\share\interpreter\linkResolver.cpp, line 759]
Event: 5.489 Thread 0x0000021f78818fa0 Exception <a 'java/lang/NoSuchMethodError'{0x00000007085a2b38}: 'java.lang.Object java.lang.invoke.DirectMethodHandle$Holder.newInvokeSpecial(java.lang.Object, int, java.lang.Object)'> (0x00000007085a2b38) 
thrown [s\open\src\hotspot\share\interpreter\linkResolver.cpp, line 759]
Event: 5.528 Thread 0x0000021f78818fa0 Exception <a 'java/lang/NoSuchMethodError'{0x0000000713e0f240}: 'java.lang.Object java.lang.invoke.DirectMethodHandle$Holder.invokeStatic(java.lang.Object, int, java.lang.Object)'> (0x0000000713e0f240) 
thrown [s\open\src\hotspot\share\interpreter\linkResolver.cpp, line 759]
Event: 5.735 Thread 0x0000021f78818fa0 Implicit null exception at 0x0000021f0f4ba79b to 0x0000021f0f4baee4
Event: 5.735 Thread 0x0000021f78818fa0 Implicit null exception at 0x0000021f0f2da20f to 0x0000021f0f2da289
Event: 6.042 Thread 0x0000021f78818fa0 Implicit null exception at 0x0000021f0f546a3c to 0x0000021f0f5477ec
Event: 6.226 Thread 0x0000021f78818fa0 Exception <a 'java/lang/NoSuchMethodError'{0x000000071175cbd0}: 'int java.lang.invoke.DirectMethodHandle$Holder.invokeStaticInit(java.lang.Object, int)'> (0x000000071175cbd0) 
thrown [s\open\src\hotspot\share\interpreter\linkResolver.cpp, line 759]
Event: 6.288 Thread 0x0000021f78818fa0 Implicit null exception at 0x0000021f0f29ce72 to 0x0000021f0f29d4c4
Event: 6.309 Thread 0x0000021f78818fa0 Implicit null exception at 0x0000021f0f29c1f2 to 0x0000021f0f29c858
Event: 6.421 Thread 0x0000021f78818fa0 Exception <a 'java/lang/NoSuchMethodError'{0x0000000709453200}: 'java.lang.Object java.lang.invoke.DirectMethodHandle$Holder.invokeInterface(java.lang.Object, java.lang.Object, java.lang.Object)'> (0x0000000709453200) 
thrown [s\open\src\hotspot\share\interpreter\linkResolver.cpp, line 759]
Event: 6.421 Thread 0x0000021f78818fa0 Exception <a 'java/lang/IncompatibleClassChangeError'{0x0000000709456b70}: Found class java.lang.Object, but interface was expected> (0x0000000709456b70) 
thrown [s\open\src\hotspot\share\interpreter\linkResolver.cpp, line 826]
Event: 6.429 Thread 0x0000021f78818fa0 Exception <a 'java/lang/NoSuchMethodError'{0x000000070948fee0}: 'java.lang.Object java.lang.invoke.DirectMethodHandle$Holder.newInvokeSpecial(java.lang.Object, java.lang.Object, java.lang.Object, java.lang.Object, java.lang.Object, java.lang.Object, java.lang.Object)'> (0x000000070948fee0) 
thrown [s\open\src\hotspot\share\interpreter\linkResolver.cpp, line 759]
Event: 6.429 Thread 0x0000021f78818fa0 Exception <a 'java/lang/NoSuchMethodError'{0x0000000709494a98}: 'java.lang.Object java.lang.invoke.Invokers$Holder.linkToTargetMethod(java.lang.Object, java.lang.Object, java.lang.Object, java.lang.Object, java.lang.Object, java.lang.Object, java.lang.Object)'> (0x0000000709494a98) 
thrown [s\open\src\hotspot\share\interpreter\linkResolver.cpp, line 759]
Event: 7.910 Thread 0x0000021f78818fa0 Exception <a 'java/lang/NoSuchMethodError'{0x00000007110cf880}: 'void java.lang.invoke.DirectMethodHandle$Holder.invokeStatic(java.lang.Object, java.lang.Object, java.lang.Object)'> (0x00000007110cf880) 
thrown [s\open\src\hotspot\share\interpreter\linkResolver.cpp, line 759]

VM Operations (20 events):
Event: 7.708 Executing VM operation: ICBufferFull
Event: 7.708 Executing VM operation: ICBufferFull done
Event: 7.914 Executing VM operation: ICBufferFull
Event: 7.914 Executing VM operation: ICBufferFull done
Event: 8.114 Executing VM operation: HandshakeAllThreads
Event: 8.114 Executing VM operation: HandshakeAllThreads done
Event: 8.115 Executing VM operation: ICBufferFull
Event: 8.116 Executing VM operation: ICBufferFull done
Event: 8.181 Executing VM operation: HandshakeAllThreads
Event: 8.181 Executing VM operation: HandshakeAllThreads done
Event: 8.207 Executing VM operation: HandshakeAllThreads
Event: 8.207 Executing VM operation: HandshakeAllThreads done
Event: 8.214 Executing VM operation: ICBufferFull
Event: 8.215 Executing VM operation: ICBufferFull done
Event: 8.245 Executing VM operation: HandshakeAllThreads
Event: 8.245 Executing VM operation: HandshakeAllThreads done
Event: 8.373 Executing VM operation: HandshakeAllThreads
Event: 8.373 Executing VM operation: HandshakeAllThreads done
Event: 8.385 Executing VM operation: ICBufferFull
Event: 8.386 Executing VM operation: ICBufferFull done

Events (20 events):
Event: 8.389 Thread 0x0000021f7f8587c0 flushing nmethod 0x0000021f0886bc10
Event: 8.389 Thread 0x0000021f7f8587c0 flushing nmethod 0x0000021f0888a810
Event: 8.389 Thread 0x0000021f7f8587c0 flushing nmethod 0x0000021f088a5d90
Event: 8.389 Thread 0x0000021f7f8587c0 flushing nmethod 0x0000021f088a7d90
Event: 8.389 Thread 0x0000021f7f8587c0 flushing nmethod 0x0000021f088b2290
Event: 8.389 Thread 0x0000021f7f8587c0 flushing nmethod 0x0000021f088b9290
Event: 8.389 Thread 0x0000021f7f8587c0 flushing nmethod 0x0000021f088cba90
Event: 8.389 Thread 0x0000021f7f8587c0 flushing nmethod 0x0000021f088d0e10
Event: 8.389 Thread 0x0000021f7f8587c0 flushing nmethod 0x0000021f08914f90
Event: 8.389 Thread 0x0000021f7f8587c0 flushing nmethod 0x0000021f08957210
Event: 8.390 Thread 0x0000021f7f8587c0 flushing nmethod 0x0000021f089e6390
Event: 8.390 Thread 0x0000021f7f8587c0 flushing nmethod 0x0000021f089fa490
Event: 8.390 Thread 0x0000021f7f8587c0 flushing nmethod 0x0000021f08a06290
Event: 8.390 Thread 0x0000021f7f8587c0 flushing nmethod 0x0000021f08a10310
Event: 8.390 Thread 0x0000021f7f8587c0 flushing nmethod 0x0000021f08a12d90
Event: 8.390 Thread 0x0000021f7f8587c0 flushing nmethod 0x0000021f08a53310
Event: 8.390 Thread 0x0000021f7f8587c0 flushing nmethod 0x0000021f08a56d90
Event: 8.390 Thread 0x0000021f7f8587c0 flushing nmethod 0x0000021f08a75b10
Event: 8.390 Thread 0x0000021f7f8587c0 flushing nmethod 0x0000021f08a7d190
Event: 8.390 Thread 0x0000021f7f8587c0 flushing nmethod 0x0000021f08ae2b10


Dynamic libraries:
0x00007ff6a2fb0000 - 0x00007ff6a2fc0000 	C:\Program Files\Java\jdk-17\bin\java.exe
0x00007ffe06f10000 - 0x00007ffe07108000 	C:\Windows\SYSTEM32\ntdll.dll
0x00007ffe05630000 - 0x00007ffe056ef000 	C:\Windows\System32\KERNEL32.DLL
0x00007ffe047a0000 - 0x00007ffe04a96000 	C:\Windows\System32\KERNELBASE.dll
0x00007ffe04bc0000 - 0x00007ffe04cc0000 	C:\Windows\System32\ucrtbase.dll
0x00007ffd9e440000 - 0x00007ffd9e459000 	C:\Program Files\Java\jdk-17\bin\jli.dll
0x00007ffe05050000 - 0x00007ffe050ff000 	C:\Windows\System32\ADVAPI32.dll
0x00007ffe05dd0000 - 0x00007ffe05e6e000 	C:\Windows\System32\msvcrt.dll
0x00007ffe068e0000 - 0x00007ffe0697c000 	C:\Windows\System32\sechost.dll
0x00007ffe05ed0000 - 0x00007ffe05ff6000 	C:\Windows\System32\RPCRT4.dll
0x00007ffe06b20000 - 0x00007ffe06cbd000 	C:\Windows\System32\USER32.dll
0x00007ffe04f40000 - 0x00007ffe04f62000 	C:\Windows\System32\win32u.dll
0x00007ffe05570000 - 0x00007ffe0559c000 	C:\Windows\System32\GDI32.dll
0x00007ffe04aa0000 - 0x00007ffe04bb5000 	C:\Windows\System32\gdi32full.dll
0x00007ffe04df0000 - 0x00007ffe04e8d000 	C:\Windows\System32\msvcp_win.dll
0x00007ffd9e420000 - 0x00007ffd9e43b000 	C:\Program Files\Java\jdk-17\bin\VCRUNTIME140.dll
0x00007ffdedf90000 - 0x00007ffdee22a000 	C:\Windows\WinSxS\amd64_microsoft.windows.common-controls_6595b64144ccf1df_6.0.19041.1110_none_60b5254171f9507e\COMCTL32.dll
0x00007ffdf9a80000 - 0x00007ffdf9a8a000 	C:\Windows\SYSTEM32\VERSION.dll
0x00007ffe06a60000 - 0x00007ffe06a90000 	C:\Windows\System32\IMM32.DLL
0x00007ffdefd70000 - 0x00007ffdefd7c000 	C:\Program Files\Java\jdk-17\bin\vcruntime140_1.dll
0x00007ffd9e350000 - 0x00007ffd9e3de000 	C:\Program Files\Java\jdk-17\bin\msvcp140.dll
0x00007ffd93320000 - 0x00007ffd93efd000 	C:\Program Files\Java\jdk-17\bin\server\jvm.dll
0x00007ffe05610000 - 0x00007ffe05618000 	C:\Windows\System32\PSAPI.DLL
0x00007ffde3cb0000 - 0x00007ffde3cb9000 	C:\Windows\SYSTEM32\WSOCK32.dll
0x00007ffe055a0000 - 0x00007ffe0560b000 	C:\Windows\System32\WS2_32.dll
0x00007ffdf6ce0000 - 0x00007ffdf6d07000 	C:\Windows\SYSTEM32\WINMM.dll
0x00007ffe02df0000 - 0x00007ffe02e02000 	C:\Windows\SYSTEM32\kernel.appcore.dll
0x00007ffddcb30000 - 0x00007ffddcb3a000 	C:\Program Files\Java\jdk-17\bin\jimage.dll
0x00007ffe02320000 - 0x00007ffe02504000 	C:\Windows\SYSTEM32\DBGHELP.DLL
0x00007ffdf2100000 - 0x00007ffdf2134000 	C:\Windows\SYSTEM32\dbgcore.DLL
0x00007ffe04d60000 - 0x00007ffe04de2000 	C:\Windows\System32\bcryptPrimitives.dll
0x00007ffd9e320000 - 0x00007ffd9e345000 	C:\Program Files\Java\jdk-17\bin\java.dll
0x00007ffd9e240000 - 0x00007ffd9e317000 	C:\Program Files\Java\jdk-17\bin\jsvml.dll
0x00007ffe060c0000 - 0x00007ffe06804000 	C:\Windows\System32\SHELL32.dll
0x00007ffe02640000 - 0x00007ffe02dd3000 	C:\Windows\SYSTEM32\windows.storage.dll
0x00007ffe05a70000 - 0x00007ffe05dc4000 	C:\Windows\System32\combase.dll
0x00007ffe03f60000 - 0x00007ffe03f8e000 	C:\Windows\SYSTEM32\Wldp.dll
0x00007ffe06830000 - 0x00007ffe068dd000 	C:\Windows\System32\SHCORE.dll
0x00007ffe05e70000 - 0x00007ffe05ec5000 	C:\Windows\System32\shlwapi.dll
0x00007ffe04530000 - 0x00007ffe0454f000 	C:\Windows\SYSTEM32\profapi.dll
0x00007ffd9e400000 - 0x00007ffd9e419000 	C:\Program Files\Java\jdk-17\bin\net.dll
0x00007ffdff050000 - 0x00007ffdff15a000 	C:\Windows\SYSTEM32\WINHTTP.dll
0x00007ffe03d40000 - 0x00007ffe03daa000 	C:\Windows\system32\mswsock.dll
0x00007ffd9e220000 - 0x00007ffd9e236000 	C:\Program Files\Java\jdk-17\bin\nio.dll
0x00007ffd9e200000 - 0x00007ffd9e218000 	C:\Program Files\Java\jdk-17\bin\zip.dll
0x00007ffdcc2e0000 - 0x00007ffdcc2f0000 	C:\Program Files\Java\jdk-17\bin\verify.dll

dbghelp: loaded successfully - version: 4.0.5 - missing functions: none
symbol engine: initialized successfully - sym options: 0x614 - pdb path: .;C:\Program Files\Java\jdk-17\bin;C:\Windows\SYSTEM32;C:\Windows\WinSxS\amd64_microsoft.windows.common-controls_6595b64144ccf1df_6.0.19041.1110_none_60b5254171f9507e;C:\Program Files\Java\jdk-17\bin\server

VM Arguments:
java_command: org.jetbrains.kotlin.cli.jvm.K2JVMCompiler @D:\test-code\MyApp\node_modules\react-native-safe-area-context\android\build\20240303_11842702795028757573.compiler.options
java_class_path (initial): C:\Users\Nguyen Anh\.gradle\caches\modules-2\files-2.1\org.jetbrains.kotlin\kotlin-compiler-embeddable\1.8.0\eb9118d4bcceaa2a94b2ae2a33a4ddba7c9a947f\kotlin-compiler-embeddable-1.8.0.jar;C:\Users\Nguyen Anh\.gradle\caches\modules-2\files-2.1\org.jetbrains.kotlin\kotlin-stdlib\1.8.0\1796921c7a3e2e2665a83e6c8d33399336cd39bc\kotlin-stdlib-1.8.0.jar;C:\Users\Nguyen Anh\.gradle\caches\modules-2\files-2.1\org.jetbrains.kotlin\kotlin-script-runtime\1.8.0\b2f7e760d283cb339974851c222a4c1d48f2d3d\kotlin-script-runtime-1.8.0.jar;C:\Users\Nguyen Anh\.gradle\caches\modules-2\files-2.1\org.jetbrains.kotlin\kotlin-reflect\1.6.10\1cbe9c92c12a94eea200d23c2bbaedaf3daf5132\kotlin-reflect-1.6.10.jar;C:\Users\Nguyen Anh\.gradle\caches\modules-2\files-2.1\org.jetbrains.kotlin\kotlin-daemon-embeddable\1.8.0\d255216c551685dc3a7e852b53617f5f01aaaa5c\kotlin-daemon-embeddable-1.8.0.jar;C:\Users\Nguyen Anh\.gradle\caches\modules-2\files-2.1\org.jetbrains.intellij.deps\trove4j\1.0.20200330\3afb14d5f9ceb459d724e907a21145e8ff394f02\trove4j-1.0.20200330.jar;C:\Users\Nguyen Anh\.gradle\caches\modules-2\files-2.1\net.java.dev.jna\jna\5.6.0\330f2244e9030119ab3030fc3fededc86713d9cc\jna-5.6.0.jar;C:\Users\Nguyen Anh\.gradle\caches\modules-2\files-2.1\org.jetbrains.kotlin\kotlin-stdlib-common\1.8.0\f7197e7cc76453ac59f8b0f8d5137cc600becd36\kotlin-stdlib-common-1.8.0.jar;C:\Users\Nguyen Anh\.gradle\caches\modules-2\files-2.1\org.jetbrains\annotations\13.0\919f0dfe192fb4e063e7dacadee7f8bb9a2672a9\annotations-13.0.jar
Launcher Type: SUN_STANDARD

[Global flags]
     intx CICompilerCount                          = 4                                         {product} {ergonomic}
     uint ConcGCThreads                            = 2                                         {product} {ergonomic}
     uint G1ConcRefinementThreads                  = 8                                         {product} {ergonomic}
   size_t G1HeapRegionSize                         = 2097152                                   {product} {ergonomic}
    uintx GCDrainStackTargetSize                   = 64                                        {product} {ergonomic}
   size_t InitialHeapSize                          = 264241152                                 {product} {ergonomic}
   size_t MarkStackSize                            = 4194304                                   {product} {ergonomic}
   size_t MaxHeapSize                              = 4223664128                                {product} {ergonomic}
   size_t MaxNewSize                               = 2533359616                                {product} {ergonomic}
   size_t MinHeapDeltaBytes                        = 2097152                                   {product} {ergonomic}
   size_t MinHeapSize                              = 8388608                                   {product} {ergonomic}
    uintx NonNMethodCodeHeapSize                   = 5839372                                {pd product} {ergonomic}
    uintx NonProfiledCodeHeapSize                  = 122909434                              {pd product} {ergonomic}
    uintx ProfiledCodeHeapSize                     = 122909434                              {pd product} {ergonomic}
    uintx ReservedCodeCacheSize                    = 251658240                              {pd product} {ergonomic}
     bool SegmentedCodeCache                       = true                                      {product} {ergonomic}
   size_t SoftMaxHeapSize                          = 4223664128                             {manageable} {ergonomic}
     bool UseCompressedClassPointers               = true                           {product lp64_product} {ergonomic}
     bool UseCompressedOops                        = true                           {product lp64_product} {ergonomic}
     bool UseG1GC                                  = true                                      {product} {ergonomic}
     bool UseLargePagesIndividualAllocation        = false                                  {pd product} {ergonomic}

Logging:
Log output configuration:
 #0: stdout all=warning uptime,level,tags
 #1: stderr all=off uptime,level,tags

Environment Variables:
JAVA_HOME=C:\Program Files\Java\jdk-17
CLASSPATH=D:\test-code\MyApp\android\\gradle\wrapper\gradle-wrapper.jar
PATH=C:\Users\NGUYEN~1\AppData\Local\Temp\yarn--1709479120587-0.9114936276807681;D:\test-code\MyApp\node_modules\.bin;C:\Users\Nguyen Anh\AppData\Local\Yarn\Data\link\node_modules\.bin;C:\Users\Nguyen Anh\AppData\Local\Yarn\bin;C:\Program Files\libexec\lib\node_modules\npm\bin\node-gyp-bin;C:\Program Files\lib\node_modules\npm\bin\node-gyp-bin;C:\Program Files\nodejs\node_modules\npm\bin\node-gyp-bin;C:\Users\Nguyen Anh\AppData\Local\oh-my-posh;C:\Program Files\PowerShell\7;C:\Program Files\MySQL\MySQL Shell 8.0\bin\;C:\Users\Nguyen Anh\AppData\Local\Microsoft\WindowsApps;C:\Users\Nguyen Anh\AppData\Local\Programs\Microsoft VS Code\bin;C:\Users\Nguyen Anh\AppData\Roaming\npm;D:\IntelliJ IDEA 2022.1\bin;C:\Program Files\Git\cmd;C:\Program Files\dotnet\;C:\Program Files\Apache Software Foundation\Tomcat 9.0\bin;D:\apache-maven-3.8.6-bin\apache-maven-3.8.6\bin;C:\Windows\system32;C:\Windows;C:\Windows\System32\Wbem;C:\Windows\System32\WindowsPowerShell\v1.0\;C:\Windows\System32\OpenSSH\;C:\Users\Nguyen Anh\AppData\Roaming\nvm;C:\Program Files\nodejs;C:\Android\platform-tools;C:\ProgramData\chocolatey\bin;C:\Program Files\PowerShell\7\;C:\Program Files\nodejs\;C:\Program Files\Git LFS;C:\Program Files (x86)\NVIDIA Corporation\PhysX\Common;C:\Program Files\Microsoft SQL Server\Client SDK\ODBC\170\Tools\Binn\;C:\Program Files (x86)\Microsoft SQL Server\160\Tools\Binn\;C:\Program Files\Microsoft SQL Server\160\Tools\Binn\;C:\Program Files\Microsoft SQL Server\160\DTS\Binn\;C:\MinGW\bin;C:\Program Files\Java\jdk-21\bin;C:\Program Files\MySQL\MySQL Server 8.0\bin;C:\Program Files\Java;C:\Program Files\Docker\Docker\resources\bin;C:\Users\Nguyen Anh\AppData\Local\Microsoft\WindowsApps;C:\Program Files\Azure Data Studio\bin;C:\Program Files\JetBrains\IntelliJ IDEA 2023.2.1\bin;;C:\Program Files\Git\cmd;C:\Program Files (x86)\Vim\vim82;C:\Users\Nguyen Anh\AppData\Local\Programs\oh-my-posh\bin;C:\Program Files\Python310\Scripts\;C:\Program Files\Python310\;C:\Users\Nguyen Anh\AppDa
USERNAME=Nguyen Anh
LANG=en_US.UTF-8
OS=Windows_NT
PROCESSOR_IDENTIFIER=Intel64 Family 6 Model 140 Stepping 1, GenuineIntel



---------------  S Y S T E M  ---------------

OS:
 Windows 10 , 64 bit Build 19041 (10.0.19041.3031)
OS uptime: 0 days 3:42 hours
Hyper-V role detected

CPU: total 8 (initial active 8) (4 cores per cpu, 2 threads per core) family 6 model 140 stepping 1 microcode 0xa4, cx8, cmov, fxsr, ht, mmx, 3dnowpref, sse, sse2, sse3, ssse3, sse4.1, sse4.2, popcnt, lzcnt, tsc, tscinvbit, avx, avx2, aes, erms, clmul, bmi1, bmi2, adx, avx512f, avx512dq, avx512cd, avx512bw, avx512vl, sha, fma, vzeroupper, avx512_vpopcntdq, avx512_vpclmulqdq, avx512_vaes, avx512_vnni, clflush, clflushopt, clwb, avx512_vbmi2, avx512_vbmi, hv

Memory: 4k page, system-wide physical 16110M (1543M free)
TotalPageFile size 17965M (AvailPageFile size 7M)
current process WorkingSet (physical memory assigned to process): 304M, peak: 304M
current process commit charge ("private bytes"): 368M, peak: 395M

vm_info: Java HotSpot(TM) 64-Bit Server VM (17.0.7+8-LTS-224) for windows-amd64 JRE (17.0.7+8-LTS-224), built on Feb 28 2023 23:03:02 by "mach5one" with MS VC++ 17.1 (VS2022)

END.
