#
# There is insufficient memory for the Java Runtime Environment to continue.
# Native memory allocation (mmap) failed to map 264241152 bytes for G1 virtual space
# Possible reasons:
#   The system is out of physical RAM or swap space
#   The process is running with CompressedOops enabled, and the Java Heap may be blocking the growth of the native heap
# Possible solutions:
#   Reduce memory load on the system
#   Increase physical memory or swap space
#   Check if swap backing store is full
#   Decrease Java heap size (-Xmx/-Xms)
#   Decrease number of Java threads
#   Decrease Java thread stack sizes (-Xss)
#   Set larger code cache with -XX:ReservedCodeCacheSize=
#   JVM is running with Zero Based Compressed Oops mode in which the Java heap is
#     placed in the first 32GB address space. The Java Heap base address is the
#     maximum limit for the native heap growth. Please use -XX:HeapBaseMinAddress
#     to set the Java Heap base and to place the Java Heap above 32GB virtual address.
# This output file may be truncated or incomplete.
#
#  Out of Memory Error (os_windows.cpp:3550), pid=11056, tid=19772
#
# JRE version:  (17.0.7+8) (build )
# Java VM: Java HotSpot(TM) 64-Bit Server VM (17.0.7+8-LTS-224, mixed mode, sharing, tiered, compressed oops, compressed class ptrs, g1 gc, windows-amd64)
# No core dump will be written. Minidumps are not enabled by default on client versions of Windows
#

---------------  S U M M A R Y ------------

Command Line: org.jetbrains.kotlin.cli.jvm.K2JVMCompiler @D:\test-code\MyApp\node_modules\react-native-gesture-handler\android\build\20240303_18429940598114816018.compiler.options

Host: 11th Gen Intel(R) Core(TM) i7-1185G7 @ 3.00GHz, 8 cores, 15G,  Windows 10 , 64 bit Build 19041 (10.0.19041.3031)
Time: Sun Mar  3 22:20:08 2024 SE Asia Standard Time elapsed time: 0.076182 seconds (0d 0h 0m 0s)

---------------  T H R E A D  ---------------

Current thread (0x0000020d07bd8fa0):  JavaThread "Unknown thread" [_thread_in_vm, id=19772, stack(0x0000002606700000,0x0000002606800000)]

Stack: [0x0000002606700000,0x0000002606800000]
Native frames: (J=compiled Java code, j=interpreted, Vv=VM code, C=native code)
V  [jvm.dll+0x676a4a]
V  [jvm.dll+0x7d74f4]
V  [jvm.dll+0x7d8c9e]
V  [jvm.dll+0x7d9303]
V  [jvm.dll+0x2452c5]
V  [jvm.dll+0x6738f9]
V  [jvm.dll+0x668232]
V  [jvm.dll+0x302826]
V  [jvm.dll+0x309da6]
V  [jvm.dll+0x35952e]
V  [jvm.dll+0x35975f]
V  [jvm.dll+0x2d9a38]
V  [jvm.dll+0x2da9a4]
V  [jvm.dll+0x7a8fb1]
V  [jvm.dll+0x3670e1]
V  [jvm.dll+0x788359]
V  [jvm.dll+0x3ea5ef]
V  [jvm.dll+0x3ec071]
C  [jli.dll+0x5297]
C  [ucrtbase.dll+0x21bb2]
C  [KERNEL32.DLL+0x17614]
C  [ntdll.dll+0x526f1]


---------------  P R O C E S S  ---------------

Threads class SMR info:
_java_thread_list=0x00007ffd93dd4998, length=0, elements={
}

Java Threads: ( => current thread )

Other Threads:
  0x0000020d07c44b90 GCTaskThread "GC Thread#0" [stack: 0x0000002606900000,0x0000002606a00000] [id=12720]
  0x0000020d07c55690 ConcurrentGCThread "G1 Main Marker" [stack: 0x0000002606a00000,0x0000002606b00000] [id=6468]
  0x0000020d07c570b0 ConcurrentGCThread "G1 Conc#0" [stack: 0x0000002606b00000,0x0000002606c00000] [id=16628]

[error occurred during error reporting (printing all threads), id 0xc0000005, EXCEPTION_ACCESS_VIOLATION (0xc0000005) at pc=0x00007ffd9360a697]

VM state: not at safepoint (not fully initialized)

VM Mutex/Monitor currently owned by a thread:  ([mutex/lock_event])
[0x0000020d07bd62f0] Heap_lock - owner thread: 0x0000020d07bd8fa0

Heap address: 0x0000000704400000, size: 4028 MB, Compressed Oops mode: Zero based, Oop shift amount: 3

CDS archive(s) mapped at: [0x0000000000000000-0x0000000000000000-0x0000000000000000), size 0, SharedBaseAddress: 0x0000000800000000, ArchiveRelocationMode: 0.
Narrow klass base: 0x0000000000000000, Narrow klass shift: 0, Narrow klass range: 0x0

GC Precious Log:
<Empty>

Heap:
 garbage-first heap   total 0K, used 0K [0x0000000704400000, 0x0000000800000000)
  region size 2048K, 0 young (0K), 0 survivors (0K)

[error occurred during error reporting (printing heap information), id 0xc0000005, EXCEPTION_ACCESS_VIOLATION (0xc0000005) at pc=0x00007ffd939f00b9]

GC Heap History (0 events):
No events

Deoptimization events (0 events):
No events

Classes unloaded (0 events):
No events

Classes redefined (0 events):
No events

Internal exceptions (0 events):
No events

VM Operations (0 events):
No events

Events (1 events):
Event: 0.064 Loaded shared library C:\Program Files\Java\jdk-17\bin\java.dll


Dynamic libraries:
0x00007ff6a2fb0000 - 0x00007ff6a2fc0000 	C:\Program Files\Java\jdk-17\bin\java.exe
0x00007ffe06f10000 - 0x00007ffe07108000 	C:\Windows\SYSTEM32\ntdll.dll
0x00007ffe05630000 - 0x00007ffe056ef000 	C:\Windows\System32\KERNEL32.DLL
0x00007ffe047a0000 - 0x00007ffe04a96000 	C:\Windows\System32\KERNELBASE.dll
0x00007ffe04bc0000 - 0x00007ffe04cc0000 	C:\Windows\System32\ucrtbase.dll
0x00007ffd9e440000 - 0x00007ffd9e459000 	C:\Program Files\Java\jdk-17\bin\jli.dll
0x00007ffe05050000 - 0x00007ffe050ff000 	C:\Windows\System32\ADVAPI32.dll
0x00007ffe05dd0000 - 0x00007ffe05e6e000 	C:\Windows\System32\msvcrt.dll
0x00007ffe068e0000 - 0x00007ffe0697c000 	C:\Windows\System32\sechost.dll
0x00007ffe05ed0000 - 0x00007ffe05ff6000 	C:\Windows\System32\RPCRT4.dll
0x00007ffe06b20000 - 0x00007ffe06cbd000 	C:\Windows\System32\USER32.dll
0x00007ffe04f40000 - 0x00007ffe04f62000 	C:\Windows\System32\win32u.dll
0x00007ffe05570000 - 0x00007ffe0559c000 	C:\Windows\System32\GDI32.dll
0x00007ffe04aa0000 - 0x00007ffe04bb5000 	C:\Windows\System32\gdi32full.dll
0x00007ffe04df0000 - 0x00007ffe04e8d000 	C:\Windows\System32\msvcp_win.dll
0x00007ffd9e420000 - 0x00007ffd9e43b000 	C:\Program Files\Java\jdk-17\bin\VCRUNTIME140.dll
0x00007ffdedf90000 - 0x00007ffdee22a000 	C:\Windows\WinSxS\amd64_microsoft.windows.common-controls_6595b64144ccf1df_6.0.19041.1110_none_60b5254171f9507e\COMCTL32.dll
0x00007ffdf9a80000 - 0x00007ffdf9a8a000 	C:\Windows\SYSTEM32\VERSION.dll
0x00007ffe06a60000 - 0x00007ffe06a90000 	C:\Windows\System32\IMM32.DLL
0x00007ffdefd70000 - 0x00007ffdefd7c000 	C:\Program Files\Java\jdk-17\bin\vcruntime140_1.dll
0x00007ffd9e350000 - 0x00007ffd9e3de000 	C:\Program Files\Java\jdk-17\bin\msvcp140.dll
0x00007ffd93320000 - 0x00007ffd93efd000 	C:\Program Files\Java\jdk-17\bin\server\jvm.dll
0x00007ffe05610000 - 0x00007ffe05618000 	C:\Windows\System32\PSAPI.DLL
0x00007ffde3cb0000 - 0x00007ffde3cb9000 	C:\Windows\SYSTEM32\WSOCK32.dll
0x00007ffe055a0000 - 0x00007ffe0560b000 	C:\Windows\System32\WS2_32.dll
0x00007ffdf6ce0000 - 0x00007ffdf6d07000 	C:\Windows\SYSTEM32\WINMM.dll
0x00007ffe02df0000 - 0x00007ffe02e02000 	C:\Windows\SYSTEM32\kernel.appcore.dll
0x00007ffddcb30000 - 0x00007ffddcb3a000 	C:\Program Files\Java\jdk-17\bin\jimage.dll
0x00007ffe02320000 - 0x00007ffe02504000 	C:\Windows\SYSTEM32\DBGHELP.DLL
0x00007ffdf2100000 - 0x00007ffdf2134000 	C:\Windows\SYSTEM32\dbgcore.DLL
0x00007ffe04d60000 - 0x00007ffe04de2000 	C:\Windows\System32\bcryptPrimitives.dll
0x00007ffd9e320000 - 0x00007ffd9e345000 	C:\Program Files\Java\jdk-17\bin\java.dll

dbghelp: loaded successfully - version: 4.0.5 - missing functions: none
symbol engine: initialized successfully - sym options: 0x614 - pdb path: .;C:\Program Files\Java\jdk-17\bin;C:\Windows\SYSTEM32;C:\Windows\WinSxS\amd64_microsoft.windows.common-controls_6595b64144ccf1df_6.0.19041.1110_none_60b5254171f9507e;C:\Program Files\Java\jdk-17\bin\server

VM Arguments:
java_command: org.jetbrains.kotlin.cli.jvm.K2JVMCompiler @D:\test-code\MyApp\node_modules\react-native-gesture-handler\android\build\20240303_18429940598114816018.compiler.options
java_class_path (initial): C:\Users\Nguyen Anh\.gradle\caches\modules-2\files-2.1\org.jetbrains.kotlin\kotlin-compiler-embeddable\1.8.0\eb9118d4bcceaa2a94b2ae2a33a4ddba7c9a947f\kotlin-compiler-embeddable-1.8.0.jar;C:\Users\Nguyen Anh\.gradle\caches\modules-2\files-2.1\org.jetbrains.kotlin\kotlin-stdlib\1.8.0\1796921c7a3e2e2665a83e6c8d33399336cd39bc\kotlin-stdlib-1.8.0.jar;C:\Users\Nguyen Anh\.gradle\caches\modules-2\files-2.1\org.jetbrains.kotlin\kotlin-script-runtime\1.8.0\b2f7e760d283cb339974851c222a4c1d48f2d3d\kotlin-script-runtime-1.8.0.jar;C:\Users\Nguyen Anh\.gradle\caches\modules-2\files-2.1\org.jetbrains.kotlin\kotlin-reflect\1.6.10\1cbe9c92c12a94eea200d23c2bbaedaf3daf5132\kotlin-reflect-1.6.10.jar;C:\Users\Nguyen Anh\.gradle\caches\modules-2\files-2.1\org.jetbrains.kotlin\kotlin-daemon-embeddable\1.8.0\d255216c551685dc3a7e852b53617f5f01aaaa5c\kotlin-daemon-embeddable-1.8.0.jar;C:\Users\Nguyen Anh\.gradle\caches\modules-2\files-2.1\org.jetbrains.intellij.deps\trove4j\1.0.20200330\3afb14d5f9ceb459d724e907a21145e8ff394f02\trove4j-1.0.20200330.jar;C:\Users\Nguyen Anh\.gradle\caches\modules-2\files-2.1\net.java.dev.jna\jna\5.6.0\330f2244e9030119ab3030fc3fededc86713d9cc\jna-5.6.0.jar;C:\Users\Nguyen Anh\.gradle\caches\modules-2\files-2.1\org.jetbrains.kotlin\kotlin-stdlib-common\1.8.0\f7197e7cc76453ac59f8b0f8d5137cc600becd36\kotlin-stdlib-common-1.8.0.jar;C:\Users\Nguyen Anh\.gradle\caches\modules-2\files-2.1\org.jetbrains\annotations\13.0\919f0dfe192fb4e063e7dacadee7f8bb9a2672a9\annotations-13.0.jar
Launcher Type: SUN_STANDARD

[Global flags]
     intx CICompilerCount                          = 4                                         {product} {ergonomic}
     uint ConcGCThreads                            = 2                                         {product} {ergonomic}
     uint G1ConcRefinementThreads                  = 8                                         {product} {ergonomic}
   size_t G1HeapRegionSize                         = 2097152                                   {product} {ergonomic}
    uintx GCDrainStackTargetSize                   = 64                                        {product} {ergonomic}
   size_t InitialHeapSize                          = 264241152                                 {product} {ergonomic}
   size_t MarkStackSize                            = 4194304                                   {product} {ergonomic}
   size_t MaxHeapSize                              = 4223664128                                {product} {ergonomic}
   size_t MinHeapDeltaBytes                        = 2097152                                   {product} {ergonomic}
   size_t MinHeapSize                              = 8388608                                   {product} {ergonomic}
    uintx NonNMethodCodeHeapSize                   = 5839372                                {pd product} {ergonomic}
    uintx NonProfiledCodeHeapSize                  = 122909434                              {pd product} {ergonomic}
    uintx ProfiledCodeHeapSize                     = 122909434                              {pd product} {ergonomic}
    uintx ReservedCodeCacheSize                    = 251658240                              {pd product} {ergonomic}
     bool SegmentedCodeCache                       = true                                      {product} {ergonomic}
   size_t SoftMaxHeapSize                          = 4223664128                             {manageable} {ergonomic}
     bool UseCompressedClassPointers               = true                           {product lp64_product} {ergonomic}
     bool UseCompressedOops                        = true                           {product lp64_product} {ergonomic}
     bool UseG1GC                                  = true                                      {product} {ergonomic}
     bool UseLargePagesIndividualAllocation        = false                                  {pd product} {ergonomic}

Logging:
Log output configuration:
 #0: stdout all=warning uptime,level,tags
 #1: stderr all=off uptime,level,tags

Environment Variables:
JAVA_HOME=C:\Program Files\Java\jdk-17
CLASSPATH=D:\test-code\MyApp\android\\gradle\wrapper\gradle-wrapper.jar
PATH=C:\Users\NGUYEN~1\AppData\Local\Temp\yarn--1709479120587-0.9114936276807681;D:\test-code\MyApp\node_modules\.bin;C:\Users\Nguyen Anh\AppData\Local\Yarn\Data\link\node_modules\.bin;C:\Users\Nguyen Anh\AppData\Local\Yarn\bin;C:\Program Files\libexec\lib\node_modules\npm\bin\node-gyp-bin;C:\Program Files\lib\node_modules\npm\bin\node-gyp-bin;C:\Program Files\nodejs\node_modules\npm\bin\node-gyp-bin;C:\Users\Nguyen Anh\AppData\Local\oh-my-posh;C:\Program Files\PowerShell\7;C:\Program Files\MySQL\MySQL Shell 8.0\bin\;C:\Users\Nguyen Anh\AppData\Local\Microsoft\WindowsApps;C:\Users\Nguyen Anh\AppData\Local\Programs\Microsoft VS Code\bin;C:\Users\Nguyen Anh\AppData\Roaming\npm;D:\IntelliJ IDEA 2022.1\bin;C:\Program Files\Git\cmd;C:\Program Files\dotnet\;C:\Program Files\Apache Software Foundation\Tomcat 9.0\bin;D:\apache-maven-3.8.6-bin\apache-maven-3.8.6\bin;C:\Windows\system32;C:\Windows;C:\Windows\System32\Wbem;C:\Windows\System32\WindowsPowerShell\v1.0\;C:\Windows\System32\OpenSSH\;C:\Users\Nguyen Anh\AppData\Roaming\nvm;C:\Program Files\nodejs;C:\Android\platform-tools;C:\ProgramData\chocolatey\bin;C:\Program Files\PowerShell\7\;C:\Program Files\nodejs\;C:\Program Files\Git LFS;C:\Program Files (x86)\NVIDIA Corporation\PhysX\Common;C:\Program Files\Microsoft SQL Server\Client SDK\ODBC\170\Tools\Binn\;C:\Program Files (x86)\Microsoft SQL Server\160\Tools\Binn\;C:\Program Files\Microsoft SQL Server\160\Tools\Binn\;C:\Program Files\Microsoft SQL Server\160\DTS\Binn\;C:\MinGW\bin;C:\Program Files\Java\jdk-21\bin;C:\Program Files\MySQL\MySQL Server 8.0\bin;C:\Program Files\Java;C:\Program Files\Docker\Docker\resources\bin;C:\Users\Nguyen Anh\AppData\Local\Microsoft\WindowsApps;C:\Program Files\Azure Data Studio\bin;C:\Program Files\JetBrains\IntelliJ IDEA 2023.2.1\bin;;C:\Program Files\Git\cmd;C:\Program Files (x86)\Vim\vim82;C:\Users\Nguyen Anh\AppData\Local\Programs\oh-my-posh\bin;C:\Program Files\Python310\Scripts\;C:\Program Files\Python310\;C:\Users\Nguyen Anh\AppDa
USERNAME=Nguyen Anh
LANG=en_US.UTF-8
OS=Windows_NT
PROCESSOR_IDENTIFIER=Intel64 Family 6 Model 140 Stepping 1, GenuineIntel



---------------  S Y S T E M  ---------------

OS:
 Windows 10 , 64 bit Build 19041 (10.0.19041.3031)
OS uptime: 0 days 3:42 hours
Hyper-V role detected

CPU: total 8 (initial active 8) (4 cores per cpu, 2 threads per core) family 6 model 140 stepping 1 microcode 0xa4, cx8, cmov, fxsr, ht, mmx, 3dnowpref, sse, sse2, sse3, ssse3, sse4.1, sse4.2, popcnt, lzcnt, tsc, tscinvbit, avx, avx2, aes, erms, clmul, bmi1, bmi2, adx, avx512f, avx512dq, avx512cd, avx512bw, avx512vl, sha, fma, vzeroupper, avx512_vpopcntdq, avx512_vpclmulqdq, avx512_vaes, avx512_vnni, clflush, clflushopt, clwb, avx512_vbmi2, avx512_vbmi, hv

Memory: 4k page, system-wide physical 16110M (1895M free)
TotalPageFile size 17965M (AvailPageFile size 98M)
current process WorkingSet (physical memory assigned to process): 10M, peak: 10M
current process commit charge ("private bytes"): 60M, peak: 312M

vm_info: Java HotSpot(TM) 64-Bit Server VM (17.0.7+8-LTS-224) for windows-amd64 JRE (17.0.7+8-LTS-224), built on Feb 28 2023 23:03:02 by "mach5one" with MS VC++ 17.1 (VS2022)

END.
